#
# There is insufficient memory for the Java Runtime Environment to continue.
# Native memory allocation (mmap) failed to map 266338304 bytes. Error detail: G1 virtual space
# Possible reasons:
#   The system is out of physical RAM or swap space
#   This process is running with CompressedOops enabled, and the Java Heap may be blocking the growth of the native heap
# Possible solutions:
#   Reduce memory load on the system
#   Increase physical memory or swap space
#   Check if swap backing store is full
#   Decrease Java heap size (-Xmx/-Xms)
#   Decrease number of Java threads
#   Decrease Java thread stack sizes (-Xss)
#   Set larger code cache with -XX:ReservedCodeCacheSize=
#   JVM is running with Zero Based Compressed Oops mode in which the Java heap is
#     placed in the first 32GB address space. The Java Heap base address is the
#     maximum limit for the native heap growth. Please use -XX:HeapBaseMinAddress
#     to set the Java Heap base and to place the Java Heap above 32GB virtual address.
# This output file may be truncated or incomplete.
#
#  Out of Memory Error (os_windows.cpp:3830), pid=22480, tid=20088
#
# JRE version:  (17.0.14+1) (build )
# Java VM: OpenJDK 64-Bit Server VM (17.0.14+1-b1367.22, mixed mode, sharing, tiered, compressed oops, compressed class ptrs, g1 gc, windows-amd64)
# No core dump will be written. Minidumps are not enabled by default on client versions of Windows
#

---------------  S U M M A R Y ------------

Command Line: org.jetbrains.kotlin.cli.jvm.K2JVMCompiler @C:\Users\saiva\OneDrive\Desktop\NutriVision\android\NutriVision\app\build\20260421_10587271789845512430.compiler.options

Host: Intel(R) Core(TM) i7-10750H CPU @ 2.60GHz, 12 cores, 15G,  Windows 11 , 64 bit Build 26100 (10.0.26100.8246)
Time: Tue Apr 21 02:05:12 2026 India Standard Time elapsed time: 0.081997 seconds (0d 0h 0m 0s)

---------------  T H R E A D  ---------------

Current thread (0x000001d103d55a70):  JavaThread "Unknown thread" [_thread_in_vm, id=20088, stack(0x000000b83ac00000,0x000000b83ad00000)]

Stack: [0x000000b83ac00000,0x000000b83ad00000]
Native frames: (J=compiled Java code, j=interpreted, Vv=VM code, C=native code)
V  [jvm.dll+0x68b969]  os::platform_print_native_stack+0xd9  (os_windows_x86.cpp:235)
V  [jvm.dll+0x84572a]  VMError::report+0xc6a  (vmError.cpp:868)
V  [jvm.dll+0x8473ae]  VMError::report_and_die+0x78e  (vmError.cpp:1766)
V  [jvm.dll+0x847a13]  VMError::report_and_die+0x43  (vmError.cpp:1552)
V  [jvm.dll+0x24a83f]  report_vm_out_of_memory+0x8f  (debug.cpp:321)
V  [jvm.dll+0x688629]  os::pd_commit_memory_or_exit+0xc9  (os_windows.cpp:3838)
V  [jvm.dll+0x67cf3a]  os::commit_memory_or_exit+0x2a  (os.cpp:1768)
V  [jvm.dll+0x30b83b]  G1PageBasedVirtualSpace::commit+0x19b  (g1PageBasedVirtualSpace.cpp:204)
V  [jvm.dll+0x312d26]  G1RegionsLargerThanCommitSizeMapper::commit_regions+0x96  (g1RegionToSpaceMapper.cpp:100)
V  [jvm.dll+0x3630fe]  HeapRegionManager::expand_any+0xee  (heapRegionManager.cpp:363)
V  [jvm.dll+0x36333f]  HeapRegionManager::expand_by+0x7f  (heapRegionManager.cpp:380)
V  [jvm.dll+0x2e18cc]  G1CollectedHeap::expand+0xbc  (g1CollectedHeap.cpp:1292)
V  [jvm.dll+0x2e2824]  G1CollectedHeap::initialize+0x664  (g1CollectedHeap.cpp:1713)
V  [jvm.dll+0x815ffb]  universe_init+0xbb  (universe.cpp:737)
V  [jvm.dll+0x370e88]  init_globals+0x48  (init.cpp:131)
V  [jvm.dll+0x7f4875]  Threads::create_vm+0x5e5  (thread.cpp:2909)
V  [jvm.dll+0x3f54ef]  JNI_CreateJavaVM_inner+0x8f  (jni.cpp:3654)
V  [jvm.dll+0x3f70c1]  JNI_CreateJavaVM+0x11  (jni.cpp:3746)
C  [jli.dll+0x52ab]  JavaMain+0x113  (java.c:413)
C  [ucrtbase.dll+0x37b0]
C  [KERNEL32.DLL+0x2e8d7]
C  [ntdll.dll+0x8c3fc]


---------------  P R O C E S S  ---------------

Threads class SMR info:
_java_thread_list=0x00007ff9f42f9018, length=0, elements={
}

Java Threads: ( => current thread )

Other Threads:
  0x000001d103dc2a40 GCTaskThread "GC Thread#0" [stack: 0x000000b83ad00000,0x000000b83ae00000] [id=19260]
  0x000001d103dd3660 ConcurrentGCThread "G1 Main Marker" [stack: 0x000000b83ae00000,0x000000b83af00000] [id=31560]
  0x000001d103dd4080 ConcurrentGCThread "G1 Conc#0" [stack: 0x000000b83af00000,0x000000b83b000000] [id=2332]

[error occurred during error reporting (printing all threads), id 0xc0000005, EXCEPTION_ACCESS_VIOLATION (0xc0000005) at pc=0x00007ff9f3aa2197]

VM state: not at safepoint (not fully initialized)

VM Mutex/Monitor currently owned by a thread:  ([mutex/lock_event])
[0x000001d103d51fc0] Heap_lock - owner thread: 0x000001d103d55a70

Heap address: 0x0000000703200000, size: 4046 MB, Compressed Oops mode: Zero based, Oop shift amount: 3

CDS archive(s) mapped at: [0x0000000000000000-0x0000000000000000-0x0000000000000000), size 0, SharedBaseAddress: 0x0000000800000000, ArchiveRelocationMode: 1.
Narrow klass base: 0x0000000000000000, Narrow klass shift: 0, Narrow klass range: 0x0

GC Precious Log:
<Empty>

Heap:
 garbage-first heap   total 0K, used 0K [0x0000000703200000, 0x0000000800000000)
  region size 2048K, 0 young (0K), 0 survivors (0K)
 Metaspace       used 0K, committed 0K, reserved 0K
  class space    used 0K, committed 0K, reserved 0K

Heap Regions: E=young(eden), S=young(survivor), O=old, HS=humongous(starts), HC=humongous(continues), CS=collection set, F=free, OA=open archive, CA=closed archive, TAMS=top-at-mark-start (previous, next)

Card table byte_map: [0x000001d117280000,0x000001d117a70000] _byte_map_base: 0x000001d113a67000

Marking Bits (Prev, Next): (CMBitMap*) 0x000001d103dc3060, (CMBitMap*) 0x000001d103dc30a0
 Prev Bits: [0x000001d118260000, 0x000001d11c198000)
 Next Bits: [0x000001d11c1a0000, 0x000001d1200d8000)

GC Heap History (0 events):
No events

Dll operation events (1 events):
Event: 0.026 Loaded shared library C:\Users\saiva\.jdks\jbr-17.0.14\bin\java.dll

Deoptimization events (0 events):
No events

Classes loaded (0 events):
No events

Classes unloaded (0 events):
No events

Classes redefined (0 events):
No events

Internal exceptions (0 events):
No events

VM Operations (0 events):
No events

Memory protections (0 events):
No events

Nmethod flushes (0 events):
No events

Events (0 events):
No events


Dynamic libraries:
0x00007ff6e54d0000 - 0x00007ff6e54da000 	C:\Users\saiva\.jdks\jbr-17.0.14\bin\java.exe
0x00007ffaf0ce0000 - 0x00007ffaf0f47000 	C:\WINDOWS\SYSTEM32\ntdll.dll
0x00007ffaef820000 - 0x00007ffaef8e9000 	C:\WINDOWS\System32\KERNEL32.DLL
0x00007ffaed700000 - 0x00007ffaedaf4000 	C:\WINDOWS\System32\KERNELBASE.dll
0x00007ffaed5b0000 - 0x00007ffaed6fb000 	C:\WINDOWS\System32\ucrtbase.dll
0x00007ffab3220000 - 0x00007ffab3237000 	C:\Users\saiva\.jdks\jbr-17.0.14\bin\jli.dll
0x00007ffaf0ad0000 - 0x00007ffaf0c95000 	C:\WINDOWS\System32\USER32.dll
0x00007ffaee550000 - 0x00007ffaee577000 	C:\WINDOWS\System32\win32u.dll
0x00007ffaeea70000 - 0x00007ffaeea9b000 	C:\WINDOWS\System32\GDI32.dll
0x00007ffaee420000 - 0x00007ffaee54b000 	C:\WINDOWS\System32\gdi32full.dll
0x00007ffaee370000 - 0x00007ffaee413000 	C:\WINDOWS\System32\msvcp_win.dll
0x00007ffaabb00000 - 0x00007ffaabb1b000 	C:\Users\saiva\.jdks\jbr-17.0.14\bin\VCRUNTIME140.dll
0x00007ffac8ca0000 - 0x00007ffac8f33000 	C:\WINDOWS\WinSxS\amd64_microsoft.windows.common-controls_6595b64144ccf1df_6.0.26100.8115_none_3e075c82e3354f9c\COMCTL32.dll
0x00007ffaefe30000 - 0x00007ffaefed9000 	C:\WINDOWS\System32\msvcrt.dll
0x00007ffaefd30000 - 0x00007ffaefd62000 	C:\WINDOWS\System32\IMM32.DLL
0x00007ffab30e0000 - 0x00007ffab30ec000 	C:\Users\saiva\.jdks\jbr-17.0.14\bin\vcruntime140_1.dll
0x00007ffa92ce0000 - 0x00007ffa92d6d000 	C:\Users\saiva\.jdks\jbr-17.0.14\bin\msvcp140.dll
0x00007ff9f37b0000 - 0x00007ff9f443e000 	C:\Users\saiva\.jdks\jbr-17.0.14\bin\server\jvm.dll
0x00007ffaef5c0000 - 0x00007ffaef676000 	C:\WINDOWS\System32\ADVAPI32.dll
0x00007ffaefc80000 - 0x00007ffaefd27000 	C:\WINDOWS\System32\sechost.dll
0x00007ffaefee0000 - 0x00007ffaefff8000 	C:\WINDOWS\System32\RPCRT4.dll
0x00007ffaef680000 - 0x00007ffaef700000 	C:\WINDOWS\System32\WS2_32.dll
0x00007ffaecd00000 - 0x00007ffaecd5e000 	C:\WINDOWS\SYSTEM32\POWRPROF.dll
0x00007ffae52a0000 - 0x00007ffae52d6000 	C:\WINDOWS\SYSTEM32\WINMM.dll
0x00007ffae1bd0000 - 0x00007ffae1bdb000 	C:\WINDOWS\SYSTEM32\VERSION.dll
0x00007ffaecce0000 - 0x00007ffaeccf4000 	C:\WINDOWS\SYSTEM32\UMPDC.dll
0x00007ffaec310000 - 0x00007ffaec32b000 	C:\WINDOWS\SYSTEM32\kernel.appcore.dll
0x00007ffaabaf0000 - 0x00007ffaabafa000 	C:\Users\saiva\.jdks\jbr-17.0.14\bin\jimage.dll
0x00007ffaeb430000 - 0x00007ffaeb672000 	C:\WINDOWS\SYSTEM32\DBGHELP.DLL
0x00007ffaef8f0000 - 0x00007ffaefc72000 	C:\WINDOWS\System32\combase.dll
0x00007ffaef740000 - 0x00007ffaef818000 	C:\WINDOWS\System32\OLEAUT32.dll
0x00007ffae5260000 - 0x00007ffae529b000 	C:\WINDOWS\SYSTEM32\dbgcore.DLL
0x00007ffaee870000 - 0x00007ffaee915000 	C:\WINDOWS\System32\bcryptPrimitives.dll
0x00007ffaa86a0000 - 0x00007ffaa86c5000 	C:\Users\saiva\.jdks\jbr-17.0.14\bin\java.dll

dbghelp: loaded successfully - version: 4.0.5 - missing functions: none
symbol engine: initialized successfully - sym options: 0x614 - pdb path: .;C:\Users\saiva\.jdks\jbr-17.0.14\bin;C:\WINDOWS\SYSTEM32;C:\WINDOWS\WinSxS\amd64_microsoft.windows.common-controls_6595b64144ccf1df_6.0.26100.8115_none_3e075c82e3354f9c;C:\Users\saiva\.jdks\jbr-17.0.14\bin\server

VM Arguments:
java_command: org.jetbrains.kotlin.cli.jvm.K2JVMCompiler @C:\Users\saiva\OneDrive\Desktop\NutriVision\android\NutriVision\app\build\20260421_10587271789845512430.compiler.options
java_class_path (initial): C:\Users\saiva\.gradle\caches\modules-2\files-2.1\org.jetbrains.kotlin\kotlin-compiler-embeddable\2.1.0\988bf980588bbbcfa1ba19c1ffd7aa869b335a31\kotlin-compiler-embeddable-2.1.0.jar;C:\Users\saiva\.gradle\caches\modules-2\files-2.1\org.jetbrains.kotlin\kotlin-stdlib\2.1.0\85f8b81009cda5890e54ba67d64b5e599c645020\kotlin-stdlib-2.1.0.jar;C:\Users\saiva\.gradle\caches\modules-2\files-2.1\org.jetbrains.kotlin\kotlin-script-runtime\2.1.0\5909da8c57b75a117714ab0e348c86101b7a3284\kotlin-script-runtime-2.1.0.jar;C:\Users\saiva\.gradle\caches\modules-2\files-2.1\org.jetbrains.kotlin\kotlin-reflect\1.6.10\1cbe9c92c12a94eea200d23c2bbaedaf3daf5132\kotlin-reflect-1.6.10.jar;C:\Users\saiva\.gradle\caches\modules-2\files-2.1\org.jetbrains.kotlin\kotlin-daemon-embeddable\2.1.0\420bae1908e4a353f5b56c3c850d24d86367b25d\kotlin-daemon-embeddable-2.1.0.jar;C:\Users\saiva\.gradle\caches\modules-2\files-2.1\org.jetbrains.intellij.deps\trove4j\1.0.20200330\3afb14d5f9ceb459d724e907a21145e8ff394f02\trove4j-1.0.20200330.jar;C:\Users\saiva\.gradle\caches\modules-2\files-2.1\org.jetbrains.kotlinx\kotlinx-coroutines-core-jvm\1.6.4\2c997cd1c0ef33f3e751d3831929aeff1390cb30\kotlinx-coroutines-core-jvm-1.6.4.jar;C:\Users\saiva\.gradle\caches\modules-2\files-2.1\org.jetbrains\annotations\13.0\919f0dfe192fb4e063e7dacadee7f8bb9a2672a9\annotations-13.0.jar
Launcher Type: SUN_STANDARD

[Global flags]
     intx CICompilerCount                          = 4                                         {product} {ergonomic}
     uint ConcGCThreads                            = 3                                         {product} {ergonomic}
     uint G1ConcRefinementThreads                  = 10                                        {product} {ergonomic}
   size_t G1HeapRegionSize                         = 2097152                                   {product} {ergonomic}
    uintx GCDrainStackTargetSize                   = 64                                        {product} {ergonomic}
   size_t InitialHeapSize                          = 266338304                                 {product} {ergonomic}
   size_t MarkStackSize                            = 4194304                                   {product} {ergonomic}
   size_t MaxHeapSize                              = 4242538496                                {product} {ergonomic}
   size_t MinHeapDeltaBytes                        = 2097152                                   {product} {ergonomic}
   size_t MinHeapSize                              = 8388608                                   {product} {ergonomic}
    uintx NonNMethodCodeHeapSize                   = 5839372                                {pd product} {ergonomic}
    uintx NonProfiledCodeHeapSize                  = 122909434                              {pd product} {ergonomic}
    uintx ProfiledCodeHeapSize                     = 122909434                              {pd product} {ergonomic}
    uintx ReservedCodeCacheSize                    = 251658240                              {pd product} {ergonomic}
     bool SegmentedCodeCache                       = true                                      {product} {ergonomic}
   size_t SoftMaxHeapSize                          = 4242538496                             {manageable} {ergonomic}
     bool UseCompressedClassPointers               = true                           {product lp64_product} {ergonomic}
     bool UseCompressedOops                        = true                           {product lp64_product} {ergonomic}
     bool UseG1GC                                  = true                                      {product} {ergonomic}
     bool UseLargePagesIndividualAllocation        = false                                  {pd product} {ergonomic}

Logging:
Log output configuration:
 #0: stdout all=warning uptime,level,tags
 #1: stderr all=off uptime,level,tags

Environment Variables:
JAVA_HOME=C:\Program Files\Java\jdk-24
PATH=C:\Program Files\Java\jdk-24\bin;C:\Program Files\Common Files\Oracle\Java\javapath;C:\Windows\system32;C:\Windows;C:\Windows\System32\Wbem;C:\Windows\System32\WindowsPowerShell\v1.0\;C:\Windows\System32\OpenSSH\;C:\Program Files (x86)\NVIDIA Corporation\PhysX\Common;C:\Program Files\NVIDIA Corporation\NVIDIA NvDLISR;C:\WINDOWS\system32;C:\WINDOWS;C:\WINDOWS\System32\Wbem;C:\WINDOWS\System32\WindowsPowerShell\v1.0\;C:\WINDOWS\System32\OpenSSH\;C:\Program Files\dotnet\;C:\Redis;C:\Program Files\Git\cmd;C:\Program Files\nodejs\;C:\Program Files\MongoDB\Server\8.0\bin;C:\Program Files\MySQL\MySQL Server 8.0\bin;C:\Program Files\mysql-connector-j-9.4.0.jar;C:\Program Files\apache-maven-3.9.11\bin;C:\Program Files\Tailscale\;c:\Users\saiva\AppData\Local\Programs\Trae\bin;C:\Program Files\MySQL\MySQL Shell 8.0\bin\;C:\Users\saiva\AppData\Local\Programs\Python\Python311\Scripts\;C:\Users\saiva\AppData\Local\Programs\Python\Python311\;C:\Users\saiva\AppData\Local\Microsoft\WindowsApps;C:\Users\saiva\AppData\Local\Programs\Microsoft VS Code\bin;C:\MinGW\bin;C:\Users\saiva\AppData\Roaming\npm;C:\Program Files\mongosh\;C:\Users\saiva\AppData\Local\Programs\Qoder\bin;C:\Users\saiva\AppData\Local\Programs\Kiro\bin;C:\Users\saiva\AppData\Local\Programs\Antigravity\bin
USERNAME=saiva
OS=Windows_NT
PROCESSOR_IDENTIFIER=Intel64 Family 6 Model 165 Stepping 2, GenuineIntel
TMP=C:\Users\saiva\AppData\Local\Temp
TEMP=C:\Users\saiva\AppData\Local\Temp



Periodic native trim disabled

JNI global refs:
JNI global refs: 0, weak refs: 0

JNI global refs memory usage: 0, weak refs: 0

Process memory usage:
Resident Set Size: 52740K (0% of 16565952K total physical memory with 592920K free physical memory)

OOME stack traces (most recent first):
Classloader memory used:


---------------  S Y S T E M  ---------------

OS:
 Windows 11 , 64 bit Build 26100 (10.0.26100.8246)
OS uptime: 5 days 6:10 hours
Hyper-V role detected

CPU: total 12 (initial active 12) (6 cores per cpu, 2 threads per core) family 6 model 165 stepping 2 microcode 0xfc, cx8, cmov, fxsr, ht, mmx, 3dnowpref, sse, sse2, sse3, ssse3, sse4.1, sse4.2, popcnt, lzcnt, tsc, tscinvbit, avx, avx2, aes, erms, clmul, bmi1, bmi2, adx, fma, vzeroupper, clflush, clflushopt, hv
Processor Information for all 12 processors :
  Max Mhz: 2592, Current Mhz: 2592, Mhz Limit: 2592

Memory: 4k page, system-wide physical 16177M (579M free)
TotalPageFile size 36212M (AvailPageFile size 161M)
current process WorkingSet (physical memory assigned to process): 51M, peak: 51M
current process commit charge ("private bytes"): 102M, peak: 318M

vm_info: OpenJDK 64-Bit Server VM (17.0.14+1-b1367.22) for windows-amd64 JRE (17.0.14+1-b1367.22), built on 2025-01-30 by "builduser" with MS VC++ 16.10 / 16.11 (VS2019)

END.
