#
# There is insufficient memory for the Java Runtime Environment to continue.
# Native memory allocation (mmap) failed to map 18874368 bytes. Error detail: G1 virtual space
# Possible reasons:
#   The system is out of physical RAM or swap space
#   This process is running with CompressedOops enabled, and the Java Heap may be blocking the growth of the native heap
# Possible solutions:
#   Reduce memory load on the system
#   Increase physical memory or swap space
#   Check if swap backing store is full
#   Decrease Java heap size (-Xmx/-Xms)
#   Decrease number of Java threads
#   Decrease Java thread stack sizes (-Xss)
#   Set larger code cache with -XX:ReservedCodeCacheSize=
#   JVM is running with Zero Based Compressed Oops mode in which the Java heap is
#     placed in the first 32GB address space. The Java Heap base address is the
#     maximum limit for the native heap growth. Please use -XX:HeapBaseMinAddress
#     to set the Java Heap base and to place the Java Heap above 32GB virtual address.
# This output file may be truncated or incomplete.
#
#  Out of Memory Error (os_windows.cpp:3830), pid=17964, tid=3508
#
# JRE version: OpenJDK Runtime Environment JBR-17.0.14+1-1367.22-nomod (17.0.14+1) (build 17.0.14+1-b1367.22)
# Java VM: OpenJDK 64-Bit Server VM JBR-17.0.14+1-1367.22-nomod (17.0.14+1-b1367.22, mixed mode, sharing, tiered, compressed oops, compressed class ptrs, g1 gc, windows-amd64)
# No core dump will be written. Minidumps are not enabled by default on client versions of Windows
#

---------------  S U M M A R Y ------------

Command Line: org.jetbrains.kotlin.cli.jvm.K2JVMCompiler @C:\Users\saiva\OneDrive\Desktop\NutriVision\android\NutriVision\app\build\20260421_6407897980926890963.compiler.options

Host: Intel(R) Core(TM) i7-10750H CPU @ 2.60GHz, 12 cores, 15G,  Windows 11 , 64 bit Build 26100 (10.0.26100.8246)
Time: Tue Apr 21 01:59:45 2026 India Standard Time elapsed time: 21.577315 seconds (0d 0h 0m 21s)

---------------  T H R E A D  ---------------

Current thread (0x000001d27b2dd550):  VMThread "VM Thread" [stack: 0x000000539a100000,0x000000539a200000] [id=3508]

Stack: [0x000000539a100000,0x000000539a200000]
Native frames: (J=compiled Java code, j=interpreted, Vv=VM code, C=native code)
V  [jvm.dll+0x68b969]  os::platform_print_native_stack+0xd9  (os_windows_x86.cpp:235)
V  [jvm.dll+0x84572a]  VMError::report+0xc6a  (vmError.cpp:868)
V  [jvm.dll+0x8473ae]  VMError::report_and_die+0x78e  (vmError.cpp:1766)
V  [jvm.dll+0x847a13]  VMError::report_and_die+0x43  (vmError.cpp:1552)
V  [jvm.dll+0x24a83f]  report_vm_out_of_memory+0x8f  (debug.cpp:321)
V  [jvm.dll+0x688629]  os::pd_commit_memory_or_exit+0xc9  (os_windows.cpp:3838)
V  [jvm.dll+0x67cf3a]  os::commit_memory_or_exit+0x2a  (os.cpp:1768)
V  [jvm.dll+0x30b83b]  G1PageBasedVirtualSpace::commit+0x19b  (g1PageBasedVirtualSpace.cpp:204)
V  [jvm.dll+0x312d26]  G1RegionsLargerThanCommitSizeMapper::commit_regions+0x96  (g1RegionToSpaceMapper.cpp:100)
V  [jvm.dll+0x3630fe]  HeapRegionManager::expand_any+0xee  (heapRegionManager.cpp:363)
V  [jvm.dll+0x36333f]  HeapRegionManager::expand_by+0x7f  (heapRegionManager.cpp:380)
V  [jvm.dll+0x2e18cc]  G1CollectedHeap::expand+0xbc  (g1CollectedHeap.cpp:1292)
V  [jvm.dll+0x2dfc8f]  G1CollectedHeap::do_collection_pause_at_safepoint_helper+0x8bf  (g1CollectedHeap.cpp:3094)
V  [jvm.dll+0x2df3bc]  G1CollectedHeap::do_collection_pause_at_safepoint+0x5c  (g1CollectedHeap.cpp:2898)
V  [jvm.dll+0x323a7b]  VM_G1CollectForAllocation::doit+0x6b  (g1VMOperations.cpp:147)
V  [jvm.dll+0x84c11d]  VM_Operation::evaluate+0xfd  (vmOperations.cpp:73)
V  [jvm.dll+0x84ce62]  VMThread::evaluate_operation+0xd2  (vmThread.cpp:269)
V  [jvm.dll+0x84d38f]  VMThread::inner_execute+0x1af  (vmThread.cpp:417)
V  [jvm.dll+0x84d774]  VMThread::loop+0x254  (vmThread.cpp:481)
V  [jvm.dll+0x84d840]  VMThread::run+0x70  (vmThread.cpp:167)
V  [jvm.dll+0x7f3a1c]  Thread::call_run+0x8c  (thread.cpp:405)
V  [jvm.dll+0x68a7c7]  thread_native_entry+0x77  (os_windows.cpp:551)
C  [ucrtbase.dll+0x37b0]
C  [KERNEL32.DLL+0x2e8d7]
C  [ntdll.dll+0x8c3fc]

VM_Operation (0x0000005399bfb8d0): G1CollectForAllocation, mode: safepoint, requested by thread 0x000001d25c2b67b0


---------------  P R O C E S S  ---------------

Threads class SMR info:
_java_thread_list=0x000001d246ad2e60, length=13, elements={
0x000001d25c2b67b0, 0x000001d27b2dea60, 0x000001d245002780, 0x000001d24501f090,
0x000001d24501fa50, 0x000001d245020410, 0x000001d245020dd0, 0x000001d245022ad0,
0x000001d245034230, 0x000001d24503bc60, 0x000001d245181790, 0x000001d245187f30,
0x000001d247653020
}

Java Threads: ( => current thread )
  0x000001d25c2b67b0 JavaThread "main" [_thread_blocked, id=22352, stack(0x0000005399b00000,0x0000005399c00000)]
  0x000001d27b2dea60 JavaThread "Reference Handler" daemon [_thread_blocked, id=4952, stack(0x000000539a200000,0x000000539a300000)]
  0x000001d245002780 JavaThread "Finalizer" daemon [_thread_blocked, id=4608, stack(0x000000539a300000,0x000000539a400000)]
  0x000001d24501f090 JavaThread "Signal Dispatcher" daemon [_thread_blocked, id=30164, stack(0x000000539a400000,0x000000539a500000)]
  0x000001d24501fa50 JavaThread "Attach Listener" daemon [_thread_blocked, id=25732, stack(0x000000539a500000,0x000000539a600000)]
  0x000001d245020410 JavaThread "Service Thread" daemon [_thread_blocked, id=25856, stack(0x000000539a600000,0x000000539a700000)]
  0x000001d245020dd0 JavaThread "Monitor Deflation Thread" daemon [_thread_blocked, id=29100, stack(0x000000539a700000,0x000000539a800000)]
  0x000001d245022ad0 JavaThread "C2 CompilerThread0" daemon [_thread_blocked, id=5508, stack(0x000000539a800000,0x000000539a900000)]
  0x000001d245034230 JavaThread "C1 CompilerThread0" daemon [_thread_blocked, id=15660, stack(0x000000539a900000,0x000000539aa00000)]
  0x000001d24503bc60 JavaThread "Sweeper thread" daemon [_thread_blocked, id=17036, stack(0x000000539aa00000,0x000000539ab00000)]
  0x000001d245181790 JavaThread "Notification Thread" daemon [_thread_blocked, id=5452, stack(0x000000539ab00000,0x000000539ac00000)]
  0x000001d245187f30 JavaThread "Common-Cleaner" daemon [_thread_blocked, id=15664, stack(0x000000539ad00000,0x000000539ae00000)]
  0x000001d247653020 JavaThread "C2 CompilerThread1" daemon [_thread_blocked, id=30804, stack(0x000000539b900000,0x000000539ba00000)]

Other Threads:
=>0x000001d27b2dd550 VMThread "VM Thread" [stack: 0x000000539a100000,0x000000539a200000] [id=3508]
  0x000001d245181c70 WatcherThread [stack: 0x000000539ac00000,0x000000539ad00000] [id=2996]
  0x000001d25c325500 GCTaskThread "GC Thread#0" [stack: 0x0000005399c00000,0x0000005399d00000] [id=25676]
  0x000001d24577ac80 GCTaskThread "GC Thread#1" [stack: 0x000000539ae00000,0x000000539af00000] [id=3512]
  0x000001d24577af40 GCTaskThread "GC Thread#2" [stack: 0x000000539af00000,0x000000539b000000] [id=30484]
  0x000001d24577b200 GCTaskThread "GC Thread#3" [stack: 0x000000539b000000,0x000000539b100000] [id=30356]
  0x000001d24577b4c0 GCTaskThread "GC Thread#4" [stack: 0x000000539b100000,0x000000539b200000] [id=1428]
  0x000001d24577b780 GCTaskThread "GC Thread#5" [stack: 0x000000539b200000,0x000000539b300000] [id=8480]
  0x000001d245d39500 GCTaskThread "GC Thread#6" [stack: 0x000000539b500000,0x000000539b600000] [id=2084]
  0x000001d246004770 GCTaskThread "GC Thread#7" [stack: 0x000000539b600000,0x000000539b700000] [id=2664]
  0x000001d2466fcca0 GCTaskThread "GC Thread#8" [stack: 0x000000539b300000,0x000000539b400000] [id=29536]
  0x000001d2466fd7a0 GCTaskThread "GC Thread#9" [stack: 0x000000539b400000,0x000000539b500000] [id=20188]
  0x000001d25c336120 ConcurrentGCThread "G1 Main Marker" [stack: 0x0000005399d00000,0x0000005399e00000] [id=18632]
  0x000001d25c337cb0 ConcurrentGCThread "G1 Conc#0" [stack: 0x0000005399e00000,0x0000005399f00000] [id=9116]
  0x000001d2466fd220 ConcurrentGCThread "G1 Conc#1" [stack: 0x000000539b700000,0x000000539b800000] [id=20300]
  0x000001d2466fd4e0 ConcurrentGCThread "G1 Conc#2" [stack: 0x000000539b800000,0x000000539b900000] [id=21264]
  0x000001d25c36ebd0 ConcurrentGCThread "G1 Refine#0" [stack: 0x0000005399f00000,0x000000539a000000] [id=2572]
  0x000001d24c747960 ConcurrentGCThread "G1 Refine#1" [stack: 0x000000539bb00000,0x000000539bc00000] [id=13556]
  0x000001d24bf4e520 ConcurrentGCThread "G1 Refine#2" [stack: 0x000000539ba00000,0x000000539bb00000] [id=15792]
  0x000001d27b190730 ConcurrentGCThread "G1 Service" [stack: 0x000000539a000000,0x000000539a100000] [id=17940]

Threads with active compile tasks:
C2 CompilerThread0    22135 13502       4       org.jetbrains.kotlin.backend.jvm.lower.BridgeLowering::createBridges (1018 bytes)
C2 CompilerThread1    22136 13950       4       jdk.internal.org.objectweb.asm.SymbolTable::addConstantNameAndType (137 bytes)

VM state: at safepoint (normal execution)

VM Mutex/Monitor currently owned by a thread:  ([mutex/lock_event])
[0x000001d25c2b30b0] Threads_lock - owner thread: 0x000001d27b2dd550
[0x000001d25c2b2570] Heap_lock - owner thread: 0x000001d25c2b67b0

Heap address: 0x0000000703200000, size: 4046 MB, Compressed Oops mode: Zero based, Oop shift amount: 3

CDS archive(s) mapped at: [0x000001d200000000-0x000001d200c00000-0x000001d200c00000), size 12582912, SharedBaseAddress: 0x000001d200000000, ArchiveRelocationMode: 1.
Compressed class space mapped at: 0x000001d201000000-0x000001d241000000, reserved size: 1073741824
Narrow klass base: 0x000001d200000000, Narrow klass shift: 0, Narrow klass range: 0x100000000

GC Precious Log:
 CPUs: 12 total, 12 available
 Memory: 16177M
 Large Page Support: Disabled
 NUMA Support: Disabled
 Compressed Oops: Enabled (Zero based)
 Heap Region Size: 2M
 Heap Min Capacity: 8M
 Heap Initial Capacity: 254M
 Heap Max Capacity: 4046M
 Pre-touch: Disabled
 Parallel Workers: 10
 Concurrent Workers: 3
 Concurrent Refinement Workers: 10
 Periodic GC: Disabled

Heap:
 garbage-first heap   total 227328K, used 110056K [0x0000000703200000, 0x0000000800000000)
  region size 2048K, 1 young (2048K), 1 survivors (2048K)
 Metaspace       used 75654K, committed 75968K, reserved 1179648K
  class space    used 8227K, committed 8384K, reserved 1048576K

Heap Regions: E=young(eden), S=young(survivor), O=old, HS=humongous(starts), HC=humongous(continues), CS=collection set, F=free, OA=open archive, CA=closed archive, TAMS=top-at-mark-start (previous, next)
|   0|0x0000000703200000, 0x0000000703400000, 0x0000000703400000|100%|HS|  |TAMS 0x0000000703400000, 0x0000000703200000| Complete 
|   1|0x0000000703400000, 0x0000000703600000, 0x0000000703600000|100%|HC|  |TAMS 0x0000000703600000, 0x0000000703400000| Complete 
|   2|0x0000000703600000, 0x0000000703800000, 0x0000000703800000|100%| O|  |TAMS 0x0000000703800000, 0x0000000703600000| Untracked 
|   3|0x0000000703800000, 0x0000000703a00000, 0x0000000703a00000|100%| O|  |TAMS 0x0000000703a00000, 0x0000000703800000| Untracked 
|   4|0x0000000703a00000, 0x0000000703c00000, 0x0000000703c00000|100%| O|  |TAMS 0x0000000703c00000, 0x0000000703a00000| Untracked 
|   5|0x0000000703c00000, 0x0000000703e00000, 0x0000000703e00000|100%| O|  |TAMS 0x0000000703e00000, 0x0000000703c00000| Untracked 
|   6|0x0000000703e00000, 0x0000000704000000, 0x0000000704000000|100%| O|  |TAMS 0x0000000704000000, 0x0000000703e00000| Untracked 
|   7|0x0000000704000000, 0x0000000704200000, 0x0000000704200000|100%| O|  |TAMS 0x0000000704200000, 0x0000000704000000| Untracked 
|   8|0x0000000704200000, 0x0000000704400000, 0x0000000704400000|100%| O|  |TAMS 0x0000000704400000, 0x0000000704200000| Untracked 
|   9|0x0000000704400000, 0x0000000704600000, 0x0000000704600000|100%| O|  |TAMS 0x0000000704600000, 0x0000000704400000| Untracked 
|  10|0x0000000704600000, 0x0000000704800000, 0x0000000704800000|100%| O|  |TAMS 0x0000000704800000, 0x0000000704600000| Untracked 
|  11|0x0000000704800000, 0x0000000704a00000, 0x0000000704a00000|100%| O|  |TAMS 0x0000000704a00000, 0x0000000704800000| Untracked 
|  12|0x0000000704a00000, 0x0000000704c00000, 0x0000000704c00000|100%| O|  |TAMS 0x0000000704c00000, 0x0000000704a00000| Untracked 
|  13|0x0000000704c00000, 0x0000000704e00000, 0x0000000704e00000|100%| O|  |TAMS 0x0000000704e00000, 0x0000000704c00000| Untracked 
|  14|0x0000000704e00000, 0x0000000705000000, 0x0000000705000000|100%| O|  |TAMS 0x0000000705000000, 0x0000000704e00000| Untracked 
|  15|0x0000000705000000, 0x0000000705200000, 0x0000000705200000|100%| O|  |TAMS 0x0000000705200000, 0x0000000705000000| Untracked 
|  16|0x0000000705200000, 0x0000000705400000, 0x0000000705400000|100%| O|  |TAMS 0x0000000705400000, 0x0000000705200000| Untracked 
|  17|0x0000000705400000, 0x0000000705600000, 0x0000000705600000|100%| O|  |TAMS 0x0000000705600000, 0x0000000705400000| Untracked 
|  18|0x0000000705600000, 0x0000000705800000, 0x0000000705800000|100%| O|  |TAMS 0x0000000705800000, 0x0000000705600000| Untracked 
|  19|0x0000000705800000, 0x0000000705a00000, 0x0000000705a00000|100%| O|  |TAMS 0x0000000705a00000, 0x0000000705800000| Untracked 
|  20|0x0000000705a00000, 0x0000000705c00000, 0x0000000705c00000|100%| O|  |TAMS 0x0000000705c00000, 0x0000000705a00000| Untracked 
|  21|0x0000000705c00000, 0x0000000705e00000, 0x0000000705e00000|100%| O|  |TAMS 0x0000000705e00000, 0x0000000705c00000| Untracked 
|  22|0x0000000705e00000, 0x0000000706000000, 0x0000000706000000|100%| O|  |TAMS 0x0000000706000000, 0x0000000705e00000| Untracked 
|  23|0x0000000706000000, 0x0000000706200000, 0x0000000706200000|100%| O|  |TAMS 0x0000000706200000, 0x0000000706000000| Untracked 
|  24|0x0000000706200000, 0x0000000706400000, 0x0000000706400000|100%| O|  |TAMS 0x0000000706400000, 0x0000000706200000| Untracked 
|  25|0x0000000706400000, 0x0000000706600000, 0x0000000706600000|100%| O|  |TAMS 0x0000000706600000, 0x0000000706400000| Untracked 
|  26|0x0000000706600000, 0x0000000706800000, 0x0000000706800000|100%| O|  |TAMS 0x0000000706800000, 0x0000000706600000| Untracked 
|  27|0x0000000706800000, 0x0000000706a00000, 0x0000000706a00000|100%| O|  |TAMS 0x0000000706a00000, 0x0000000706800000| Untracked 
|  28|0x0000000706a00000, 0x0000000706c00000, 0x0000000706c00000|100%| O|  |TAMS 0x0000000706c00000, 0x0000000706a00000| Untracked 
|  29|0x0000000706c00000, 0x0000000706e00000, 0x0000000706e00000|100%| O|  |TAMS 0x0000000706e00000, 0x0000000706c00000| Untracked 
|  30|0x0000000706e00000, 0x0000000707000000, 0x0000000707000000|100%| O|  |TAMS 0x0000000707000000, 0x0000000706e00000| Untracked 
|  31|0x0000000707000000, 0x0000000707200000, 0x0000000707200000|100%| O|  |TAMS 0x0000000707200000, 0x0000000707000000| Untracked 
|  32|0x0000000707200000, 0x0000000707400000, 0x0000000707400000|100%| O|  |TAMS 0x0000000707400000, 0x0000000707200000| Untracked 
|  33|0x0000000707400000, 0x0000000707600000, 0x0000000707600000|100%| O|  |TAMS 0x0000000707600000, 0x0000000707400000| Untracked 
|  34|0x0000000707600000, 0x0000000707800000, 0x0000000707800000|100%| O|  |TAMS 0x0000000707800000, 0x0000000707600000| Untracked 
|  35|0x0000000707800000, 0x0000000707a00000, 0x0000000707a00000|100%| O|  |TAMS 0x0000000707a00000, 0x0000000707800000| Untracked 
|  36|0x0000000707a00000, 0x0000000707c00000, 0x0000000707c00000|100%| O|  |TAMS 0x0000000707c00000, 0x0000000707a00000| Untracked 
|  37|0x0000000707c00000, 0x0000000707e00000, 0x0000000707e00000|100%| O|  |TAMS 0x0000000707e00000, 0x0000000707c00000| Untracked 
|  38|0x0000000707e00000, 0x0000000708000000, 0x0000000708000000|100%| O|  |TAMS 0x0000000708000000, 0x0000000707e00000| Untracked 
|  39|0x0000000708000000, 0x0000000708200000, 0x0000000708200000|100%| O|  |TAMS 0x0000000708200000, 0x0000000708000000| Untracked 
|  40|0x0000000708200000, 0x0000000708400000, 0x0000000708400000|100%| O|  |TAMS 0x0000000708400000, 0x0000000708200000| Untracked 
|  41|0x0000000708400000, 0x0000000708600000, 0x0000000708600000|100%| O|  |TAMS 0x0000000708600000, 0x0000000708400000| Untracked 
|  42|0x0000000708600000, 0x0000000708600000, 0x0000000708800000|  0%| F|  |TAMS 0x0000000708600000, 0x0000000708600000| Untracked 
|  43|0x0000000708800000, 0x0000000708a00000, 0x0000000708a00000|100%| O|  |TAMS 0x0000000708a00000, 0x0000000708800000| Untracked 
|  44|0x0000000708a00000, 0x0000000708c00000, 0x0000000708c00000|100%| O|  |TAMS 0x0000000708c00000, 0x0000000708a00000| Untracked 
|  45|0x0000000708c00000, 0x0000000708e00000, 0x0000000708e00000|100%| O|  |TAMS 0x0000000708e00000, 0x0000000708c00000| Untracked 
|  46|0x0000000708e00000, 0x0000000709000000, 0x0000000709000000|100%| O|  |TAMS 0x0000000709000000, 0x0000000708e00000| Untracked 
|  47|0x0000000709000000, 0x0000000709200000, 0x0000000709200000|100%| O|  |TAMS 0x0000000709200000, 0x0000000709000000| Untracked 
|  48|0x0000000709200000, 0x0000000709400000, 0x0000000709400000|100%| O|  |TAMS 0x0000000709280800, 0x0000000709200000| Untracked 
|  49|0x0000000709400000, 0x0000000709600000, 0x0000000709600000|100%| O|  |TAMS 0x0000000709400000, 0x0000000709400000| Untracked 
|  50|0x0000000709600000, 0x0000000709800000, 0x0000000709800000|100%| O|  |TAMS 0x0000000709600000, 0x0000000709600000| Untracked 
|  51|0x0000000709800000, 0x0000000709a00000, 0x0000000709a00000|100%| O|  |TAMS 0x0000000709800000, 0x0000000709800000| Untracked 
|  52|0x0000000709a00000, 0x0000000709c00000, 0x0000000709c00000|100%| O|  |TAMS 0x0000000709a00000, 0x0000000709a00000| Untracked 
|  53|0x0000000709c00000, 0x0000000709e00000, 0x0000000709e00000|100%| O|  |TAMS 0x0000000709c00000, 0x0000000709c00000| Untracked 
|  54|0x0000000709e00000, 0x0000000709ec5600, 0x000000070a000000| 38%| O|  |TAMS 0x0000000709e00000, 0x0000000709e00000| Untracked 
|  55|0x000000070a000000, 0x000000070a000000, 0x000000070a200000|  0%| F|  |TAMS 0x000000070a000000, 0x000000070a000000| Untracked 
|  56|0x000000070a200000, 0x000000070a200000, 0x000000070a400000|  0%| F|  |TAMS 0x000000070a200000, 0x000000070a200000| Untracked 
|  57|0x000000070a400000, 0x000000070a400000, 0x000000070a600000|  0%| F|  |TAMS 0x000000070a400000, 0x000000070a400000| Untracked 
|  58|0x000000070a600000, 0x000000070a600000, 0x000000070a800000|  0%| F|  |TAMS 0x000000070a600000, 0x000000070a600000| Untracked 
|  59|0x000000070a800000, 0x000000070a800000, 0x000000070aa00000|  0%| F|  |TAMS 0x000000070a800000, 0x000000070a800000| Untracked 
|  60|0x000000070aa00000, 0x000000070aa00000, 0x000000070ac00000|  0%| F|  |TAMS 0x000000070aa00000, 0x000000070aa00000| Untracked 
|  61|0x000000070ac00000, 0x000000070ac00000, 0x000000070ae00000|  0%| F|  |TAMS 0x000000070ac00000, 0x000000070ac00000| Untracked 
|  62|0x000000070ae00000, 0x000000070ae00000, 0x000000070b000000|  0%| F|  |TAMS 0x000000070ae00000, 0x000000070ae00000| Untracked 
|  63|0x000000070b000000, 0x000000070b000000, 0x000000070b200000|  0%| F|  |TAMS 0x000000070b000000, 0x000000070b000000| Untracked 
|  64|0x000000070b200000, 0x000000070b200000, 0x000000070b400000|  0%| F|  |TAMS 0x000000070b200000, 0x000000070b200000| Untracked 
|  65|0x000000070b400000, 0x000000070b400000, 0x000000070b600000|  0%| F|  |TAMS 0x000000070b400000, 0x000000070b400000| Untracked 
|  66|0x000000070b600000, 0x000000070b600000, 0x000000070b800000|  0%| F|  |TAMS 0x000000070b600000, 0x000000070b600000| Untracked 
|  67|0x000000070b800000, 0x000000070b800000, 0x000000070ba00000|  0%| F|  |TAMS 0x000000070b800000, 0x000000070b800000| Untracked 
|  68|0x000000070ba00000, 0x000000070ba00000, 0x000000070bc00000|  0%| F|  |TAMS 0x000000070ba00000, 0x000000070ba00000| Untracked 
|  69|0x000000070bc00000, 0x000000070bc00000, 0x000000070be00000|  0%| F|  |TAMS 0x000000070bc00000, 0x000000070bc00000| Untracked 
|  70|0x000000070be00000, 0x000000070be00000, 0x000000070c000000|  0%| F|  |TAMS 0x000000070be00000, 0x000000070be00000| Untracked 
|  71|0x000000070c000000, 0x000000070c000000, 0x000000070c200000|  0%| F|  |TAMS 0x000000070c000000, 0x000000070c000000| Untracked 
|  72|0x000000070c200000, 0x000000070c200000, 0x000000070c400000|  0%| F|  |TAMS 0x000000070c200000, 0x000000070c200000| Untracked 
|  73|0x000000070c400000, 0x000000070c400000, 0x000000070c600000|  0%| F|  |TAMS 0x000000070c400000, 0x000000070c400000| Untracked 
|  74|0x000000070c600000, 0x000000070c600000, 0x000000070c800000|  0%| F|  |TAMS 0x000000070c600000, 0x000000070c600000| Untracked 
|  75|0x000000070c800000, 0x000000070c800000, 0x000000070ca00000|  0%| F|  |TAMS 0x000000070c800000, 0x000000070c800000| Untracked 
|  76|0x000000070ca00000, 0x000000070ca00000, 0x000000070cc00000|  0%| F|  |TAMS 0x000000070ca00000, 0x000000070ca00000| Untracked 
|  77|0x000000070cc00000, 0x000000070cc00000, 0x000000070ce00000|  0%| F|  |TAMS 0x000000070cc00000, 0x000000070cc00000| Untracked 
|  78|0x000000070ce00000, 0x000000070ce00000, 0x000000070d000000|  0%| F|  |TAMS 0x000000070ce00000, 0x000000070ce00000| Untracked 
|  79|0x000000070d000000, 0x000000070d000000, 0x000000070d200000|  0%| F|  |TAMS 0x000000070d000000, 0x000000070d000000| Untracked 
|  80|0x000000070d200000, 0x000000070d200000, 0x000000070d400000|  0%| F|  |TAMS 0x000000070d200000, 0x000000070d200000| Untracked 
|  81|0x000000070d400000, 0x000000070d400000, 0x000000070d600000|  0%| F|  |TAMS 0x000000070d400000, 0x000000070d400000| Untracked 
|  82|0x000000070d600000, 0x000000070d600000, 0x000000070d800000|  0%| F|  |TAMS 0x000000070d600000, 0x000000070d600000| Untracked 
|  83|0x000000070d800000, 0x000000070d800000, 0x000000070da00000|  0%| F|  |TAMS 0x000000070d800000, 0x000000070d800000| Untracked 
|  84|0x000000070da00000, 0x000000070da00000, 0x000000070dc00000|  0%| F|  |TAMS 0x000000070da00000, 0x000000070da00000| Untracked 
|  85|0x000000070dc00000, 0x000000070dc00000, 0x000000070de00000|  0%| F|  |TAMS 0x000000070dc00000, 0x000000070dc00000| Untracked 
|  86|0x000000070de00000, 0x000000070de00000, 0x000000070e000000|  0%| F|  |TAMS 0x000000070de00000, 0x000000070de00000| Untracked 
|  87|0x000000070e000000, 0x000000070e000000, 0x000000070e200000|  0%| F|  |TAMS 0x000000070e000000, 0x000000070e000000| Untracked 
|  88|0x000000070e200000, 0x000000070e200000, 0x000000070e400000|  0%| F|  |TAMS 0x000000070e200000, 0x000000070e200000| Untracked 
|  89|0x000000070e400000, 0x000000070e400000, 0x000000070e600000|  0%| F|  |TAMS 0x000000070e400000, 0x000000070e400000| Untracked 
|  90|0x000000070e600000, 0x000000070e600000, 0x000000070e800000|  0%| F|  |TAMS 0x000000070e600000, 0x000000070e600000| Untracked 
|  91|0x000000070e800000, 0x000000070e800000, 0x000000070ea00000|  0%| F|  |TAMS 0x000000070e800000, 0x000000070e800000| Untracked 
|  92|0x000000070ea00000, 0x000000070ea00000, 0x000000070ec00000|  0%| F|  |TAMS 0x000000070ea00000, 0x000000070ea00000| Untracked 
|  93|0x000000070ec00000, 0x000000070ec00000, 0x000000070ee00000|  0%| F|  |TAMS 0x000000070ec00000, 0x000000070ec00000| Untracked 
|  94|0x000000070ee00000, 0x000000070ee00000, 0x000000070f000000|  0%| F|  |TAMS 0x000000070ee00000, 0x000000070ee00000| Untracked 
|  95|0x000000070f000000, 0x000000070f000000, 0x000000070f200000|  0%| F|  |TAMS 0x000000070f000000, 0x000000070f000000| Untracked 
|  96|0x000000070f200000, 0x000000070f200000, 0x000000070f400000|  0%| F|  |TAMS 0x000000070f200000, 0x000000070f200000| Untracked 
|  97|0x000000070f400000, 0x000000070f400000, 0x000000070f600000|  0%| F|  |TAMS 0x000000070f400000, 0x000000070f400000| Untracked 
|  98|0x000000070f600000, 0x000000070f600000, 0x000000070f800000|  0%| F|  |TAMS 0x000000070f600000, 0x000000070f600000| Untracked 
|  99|0x000000070f800000, 0x000000070f800000, 0x000000070fa00000|  0%| F|  |TAMS 0x000000070f800000, 0x000000070f800000| Untracked 
| 100|0x000000070fa00000, 0x000000070fa00000, 0x000000070fc00000|  0%| F|  |TAMS 0x000000070fa00000, 0x000000070fa00000| Untracked 
| 101|0x000000070fc00000, 0x000000070fc00000, 0x000000070fe00000|  0%| F|  |TAMS 0x000000070fc00000, 0x000000070fc00000| Untracked 
| 102|0x000000070fe00000, 0x000000070fe00000, 0x0000000710000000|  0%| F|  |TAMS 0x000000070fe00000, 0x000000070fe00000| Untracked 
| 103|0x0000000710000000, 0x0000000710000000, 0x0000000710200000|  0%| F|  |TAMS 0x0000000710000000, 0x0000000710000000| Untracked 
| 104|0x0000000710200000, 0x0000000710200000, 0x0000000710400000|  0%| F|  |TAMS 0x0000000710200000, 0x0000000710200000| Untracked 
| 105|0x0000000710400000, 0x0000000710400000, 0x0000000710600000|  0%| F|  |TAMS 0x0000000710400000, 0x0000000710400000| Untracked 
| 106|0x0000000710600000, 0x0000000710600000, 0x0000000710800000|  0%| F|  |TAMS 0x0000000710600000, 0x0000000710600000| Untracked 
| 107|0x0000000710800000, 0x00000007108b4a00, 0x0000000710a00000| 35%| S|CS|TAMS 0x0000000710800000, 0x0000000710800000| Complete 
| 108|0x0000000710a00000, 0x0000000710a00000, 0x0000000710c00000|  0%| F|  |TAMS 0x0000000710a00000, 0x0000000710a00000| Untracked 
| 109|0x0000000710c00000, 0x0000000710c00000, 0x0000000710e00000|  0%| F|  |TAMS 0x0000000710c00000, 0x0000000710c00000| Untracked 
| 126|0x0000000712e00000, 0x0000000712e00000, 0x0000000713000000|  0%| F|  |TAMS 0x0000000712e00000, 0x0000000712e00000| Untracked 

Card table byte_map: [0x000001d26f7e0000,0x000001d26ffd0000] _byte_map_base: 0x000001d26bfc7000

Marking Bits (Prev, Next): (CMBitMap*) 0x000001d25c325b60, (CMBitMap*) 0x000001d25c325b20
 Prev Bits: [0x000001d274700000, 0x000001d278638000)
 Next Bits: [0x000001d2707c0000, 0x000001d2746f8000)

Polling page: 0x000001d25a200000

Metaspace:

Usage:
  Non-class:     65.85 MB used.
      Class:      8.03 MB used.
       Both:     73.88 MB used.

Virtual space:
  Non-class space:      128.00 MB reserved,      66.00 MB ( 52%) committed,  2 nodes.
      Class space:        1.00 GB reserved,       8.19 MB ( <1%) committed,  1 nodes.
             Both:        1.12 GB reserved,      74.19 MB (  6%) committed. 

Chunk freelists:
   Non-Class:  12.88 MB
       Class:  7.85 MB
        Both:  20.73 MB

MaxMetaspaceSize: unlimited
CompressedClassSpaceSize: 1.00 GB
Initial GC threshold: 21.00 MB
Current GC threshold: 121.25 MB
CDS: on
MetaspaceReclaimPolicy: balanced
 - commit_granule_bytes: 65536.
 - commit_granule_words: 8192.
 - virtual_space_node_default_size: 8388608.
 - enlarge_chunks_in_place: 1.
 - new_chunks_are_fully_committed: 0.
 - uncommit_free_chunks: 1.
 - use_allocation_guard: 0.
 - handle_deallocations: 1.


Internal statistics:

num_allocs_failed_limit: 6.
num_arena_births: 362.
num_arena_deaths: 0.
num_vsnodes_births: 3.
num_vsnodes_deaths: 0.
num_space_committed: 1185.
num_space_uncommitted: 0.
num_chunks_returned_to_freelist: 6.
num_chunks_taken_from_freelist: 2976.
num_chunk_merges: 6.
num_chunk_splits: 2474.
num_chunks_enlarged: 2273.
num_inconsistent_stats: 0.

CodeHeap 'non-profiled nmethods': size=120000Kb used=6686Kb max_used=6828Kb free=113313Kb
 bounds [0x000001d267570000, 0x000001d267c20000, 0x000001d26eaa0000]
CodeHeap 'profiled nmethods': size=120000Kb used=42746Kb max_used=43410Kb free=77253Kb
 bounds [0x000001d25faa0000, 0x000001d262520000, 0x000001d266fd0000]
CodeHeap 'non-nmethods': size=5760Kb used=1444Kb max_used=1538Kb free=4315Kb
 bounds [0x000001d266fd0000, 0x000001d267240000, 0x000001d267570000]
 total_blobs=12618 nmethods=11838 adapters=688
 compilation: enabled
              stopped_count=0, restarted_count=0
 full_count=0

Compilation events (20 events):
Event: 21.535 Thread 0x000001d245034230 13952       3       java.util.Vector::<init> (7 bytes)
Event: 21.535 Thread 0x000001d245034230 nmethod 13952 0x000001d25fb48290 code [0x000001d25fb48440, 0x000001d25fb485e8]
Event: 21.535 Thread 0x000001d245034230 13953       3       java.util.Vector::add (23 bytes)
Event: 21.535 Thread 0x000001d245034230 nmethod 13953 0x000001d25fee3c10 code [0x000001d25fee3de0, 0x000001d25fee41a8]
Event: 21.539 Thread 0x000001d245034230 13955       3       java.lang.invoke.LambdaForm::methodType (48 bytes)
Event: 21.539 Thread 0x000001d245034230 nmethod 13955 0x000001d25fe69990 code [0x000001d25fe69b80, 0x000001d25fe6a178]
Event: 21.539 Thread 0x000001d245034230 13957       3       java.util.ImmutableCollections$AbstractImmutableList::<init> (5 bytes)
Event: 21.540 Thread 0x000001d245034230 nmethod 13957 0x000001d25ff5b710 code [0x000001d25ff5b8c0, 0x000001d25ff5baf8]
Event: 21.540 Thread 0x000001d245034230 13956       3       java.lang.invoke.MemberName::getFactory (4 bytes)
Event: 21.540 Thread 0x000001d245034230 nmethod 13956 0x000001d25fca5990 code [0x000001d25fca5b20, 0x000001d25fca5c18]
Event: 21.542 Thread 0x000001d245034230 13958       3       java.util.ImmutableCollections$MapN::get (35 bytes)
Event: 21.542 Thread 0x000001d245034230 nmethod 13958 0x000001d25ff68d90 code [0x000001d25ff68f60, 0x000001d25ff692f8]
Event: 21.553 Thread 0x000001d245034230 13959       3       kotlin.text.StringsKt__StringsJVMKt::regionMatches$default (23 bytes)
Event: 21.553 Thread 0x000001d245034230 nmethod 13959 0x000001d25fb51a10 code [0x000001d25fb51ba0, 0x000001d25fb51d08]
Event: 21.553 Thread 0x000001d245034230 13960       3       org.jetbrains.kotlin.backend.jvm.mapping.IrTypeCheckerContextForTypeMapping::getClassFqNameUnsafe (18 bytes)
Event: 21.554 Thread 0x000001d245034230 nmethod 13960 0x000001d261b9af90 code [0x000001d261b9b1a0, 0x000001d261b9b808]
Event: 21.554 Thread 0x000001d245034230 13961       3       org.jetbrains.kotlin.backend.jvm.JvmIrTypeSystemContext::getClassFqNameUnsafe (6 bytes)
Event: 21.555 Thread 0x000001d245034230 nmethod 13961 0x000001d261b39f10 code [0x000001d261b3a160, 0x000001d261b3ab58]
Event: 21.555 Thread 0x000001d245034230 13962       3       org.jetbrains.kotlin.ir.types.IrTypeSystemContext$DefaultImpls::getClassFqNameUnsafe (34 bytes)
Event: 21.556 Thread 0x000001d245034230 nmethod 13962 0x000001d261bea210 code [0x000001d261bea460, 0x000001d261beadb8]

GC Heap History (20 events):
Event: 8.575 GC heap after
{Heap after GC invocations=17 (full 0):
 garbage-first heap   total 96256K, used 54785K [0x0000000703200000, 0x0000000800000000)
  region size 2048K, 2 young (4096K), 2 survivors (4096K)
 Metaspace       used 50085K, committed 50368K, reserved 1114112K
  class space    used 6129K, committed 6272K, reserved 1048576K
}
Event: 9.129 GC heap before
{Heap before GC invocations=17 (full 0):
 garbage-first heap   total 96256K, used 71169K [0x0000000703200000, 0x0000000800000000)
  region size 2048K, 10 young (20480K), 2 survivors (4096K)
 Metaspace       used 50700K, committed 51072K, reserved 1114112K
  class space    used 6174K, committed 6336K, reserved 1048576K
}
Event: 9.149 GC heap after
{Heap after GC invocations=18 (full 0):
 garbage-first heap   total 96256K, used 58630K [0x0000000703200000, 0x0000000800000000)
  region size 2048K, 2 young (4096K), 2 survivors (4096K)
 Metaspace       used 50700K, committed 51072K, reserved 1114112K
  class space    used 6174K, committed 6336K, reserved 1048576K
}
Event: 9.494 GC heap before
{Heap before GC invocations=19 (full 0):
 garbage-first heap   total 102400K, used 75014K [0x0000000703200000, 0x0000000800000000)
  region size 2048K, 10 young (20480K), 2 survivors (4096K)
 Metaspace       used 50969K, committed 51264K, reserved 1114112K
  class space    used 6188K, committed 6336K, reserved 1048576K
}
Event: 9.521 GC heap after
{Heap after GC invocations=20 (full 0):
 garbage-first heap   total 102400K, used 62581K [0x0000000703200000, 0x0000000800000000)
  region size 2048K, 2 young (4096K), 2 survivors (4096K)
 Metaspace       used 50969K, committed 51264K, reserved 1114112K
  class space    used 6188K, committed 6336K, reserved 1048576K
}
Event: 9.907 GC heap before
{Heap before GC invocations=20 (full 0):
 garbage-first heap   total 102400K, used 78965K [0x0000000703200000, 0x0000000800000000)
  region size 2048K, 10 young (20480K), 2 survivors (4096K)
 Metaspace       used 51345K, committed 51648K, reserved 1114112K
  class space    used 6202K, committed 6336K, reserved 1048576K
}
Event: 9.929 GC heap after
{Heap after GC invocations=21 (full 0):
 garbage-first heap   total 204800K, used 66608K [0x0000000703200000, 0x0000000800000000)
  region size 2048K, 2 young (4096K), 2 survivors (4096K)
 Metaspace       used 51345K, committed 51648K, reserved 1114112K
  class space    used 6202K, committed 6336K, reserved 1048576K
}
Event: 13.064 GC heap before
{Heap before GC invocations=22 (full 0):
 garbage-first heap   total 204800K, used 146480K [0x0000000703200000, 0x0000000800000000)
  region size 2048K, 41 young (83968K), 2 survivors (4096K)
 Metaspace       used 56107K, committed 56384K, reserved 1114112K
  class space    used 6558K, committed 6656K, reserved 1048576K
}
Event: 13.090 GC heap after
{Heap after GC invocations=23 (full 0):
 garbage-first heap   total 204800K, used 76327K [0x0000000703200000, 0x0000000800000000)
  region size 2048K, 6 young (12288K), 6 survivors (12288K)
 Metaspace       used 56107K, committed 56384K, reserved 1114112K
  class space    used 6558K, committed 6656K, reserved 1048576K
}
Event: 14.837 GC heap before
{Heap before GC invocations=23 (full 0):
 garbage-first heap   total 204800K, used 143911K [0x0000000703200000, 0x0000000800000000)
  region size 2048K, 39 young (79872K), 6 survivors (12288K)
 Metaspace       used 57604K, committed 57920K, reserved 1114112K
  class space    used 6632K, committed 6784K, reserved 1048576K
}
Event: 14.876 GC heap after
{Heap after GC invocations=24 (full 0):
 garbage-first heap   total 204800K, used 87029K [0x0000000703200000, 0x0000000800000000)
  region size 2048K, 5 young (10240K), 5 survivors (10240K)
 Metaspace       used 57604K, committed 57920K, reserved 1114112K
  class space    used 6632K, committed 6784K, reserved 1048576K
}
Event: 17.111 GC heap before
{Heap before GC invocations=24 (full 0):
 garbage-first heap   total 204800K, used 148469K [0x0000000703200000, 0x0000000800000000)
  region size 2048K, 35 young (71680K), 5 survivors (10240K)
 Metaspace       used 64048K, committed 64320K, reserved 1114112K
  class space    used 7227K, committed 7360K, reserved 1048576K
}
Event: 17.146 GC heap after
{Heap after GC invocations=25 (full 0):
 garbage-first heap   total 204800K, used 98304K [0x0000000703200000, 0x0000000800000000)
  region size 2048K, 5 young (10240K), 5 survivors (10240K)
 Metaspace       used 64048K, committed 64320K, reserved 1114112K
  class space    used 7227K, committed 7360K, reserved 1048576K
}
Event: 18.318 GC heap before
{Heap before GC invocations=25 (full 0):
 garbage-first heap   total 204800K, used 155648K [0x0000000703200000, 0x0000000800000000)
  region size 2048K, 33 young (67584K), 5 survivors (10240K)
 Metaspace       used 68289K, committed 68608K, reserved 1114112K
  class space    used 7614K, committed 7744K, reserved 1048576K
}
Event: 18.356 GC heap after
{Heap after GC invocations=26 (full 0):
 garbage-first heap   total 204800K, used 107514K [0x0000000703200000, 0x0000000800000000)
  region size 2048K, 5 young (10240K), 5 survivors (10240K)
 Metaspace       used 68289K, committed 68608K, reserved 1114112K
  class space    used 7614K, committed 7744K, reserved 1048576K
}
Event: 20.364 GC heap before
{Heap before GC invocations=26 (full 0):
 garbage-first heap   total 204800K, used 156666K [0x0000000703200000, 0x0000000800000000)
  region size 2048K, 29 young (59392K), 5 survivors (10240K)
 Metaspace       used 74052K, committed 74368K, reserved 1179648K
  class space    used 8125K, committed 8256K, reserved 1048576K
}
Event: 20.392 GC heap after
{Heap after GC invocations=27 (full 0):
 garbage-first heap   total 204800K, used 110159K [0x0000000703200000, 0x0000000800000000)
  region size 2048K, 2 young (4096K), 2 survivors (4096K)
 Metaspace       used 74052K, committed 74368K, reserved 1179648K
  class space    used 8125K, committed 8256K, reserved 1048576K
}
Event: 21.374 GC heap before
{Heap before GC invocations=28 (full 0):
 garbage-first heap   total 204800K, used 163407K [0x0000000703200000, 0x0000000800000000)
  region size 2048K, 28 young (57344K), 2 survivors (4096K)
 Metaspace       used 74869K, committed 75200K, reserved 1179648K
  class space    used 8162K, committed 8320K, reserved 1048576K
}
Event: 21.388 GC heap after
{Heap after GC invocations=29 (full 0):
 garbage-first heap   total 204800K, used 110500K [0x0000000703200000, 0x0000000800000000)
  region size 2048K, 2 young (4096K), 2 survivors (4096K)
 Metaspace       used 74869K, committed 75200K, reserved 1179648K
  class space    used 8162K, committed 8320K, reserved 1048576K
}
Event: 21.557 GC heap before
{Heap before GC invocations=29 (full 0):
 garbage-first heap   total 204800K, used 114596K [0x0000000703200000, 0x0000000800000000)
  region size 2048K, 5 young (10240K), 2 survivors (4096K)
 Metaspace       used 75654K, committed 75968K, reserved 1179648K
  class space    used 8227K, committed 8384K, reserved 1048576K
}

Dll operation events (3 events):
Event: 0.018 Loaded shared library C:\Users\saiva\.jdks\jbr-17.0.14\bin\java.dll
Event: 0.049 Loaded shared library C:\Users\saiva\.jdks\jbr-17.0.14\bin\jsvml.dll
Event: 3.321 Loaded shared library C:\Users\saiva\.jdks\jbr-17.0.14\bin\verify.dll

Deoptimization events (20 events):
Event: 21.246 Thread 0x000001d25c2b67b0 Uncommon trap: trap_request=0xffffff66 fr.pc=0x000001d267bd379c relative=0x00000000000001fc
Event: 21.246 Thread 0x000001d25c2b67b0 Uncommon trap: reason=speculate_class_check action=maybe_recompile pc=0x000001d267bd379c method=org.jetbrains.kotlin.ir.expressions.IrExpression.transform(Lorg/jetbrains/kotlin/ir/visitors/IrElementTransformer;Ljava/lang/Object;)Lorg/jetbrains/kotlin/ir/e
Event: 21.246 Thread 0x000001d25c2b67b0 DEOPT PACKING pc=0x000001d267bd379c sp=0x0000005399bfbb50
Event: 21.246 Thread 0x000001d25c2b67b0 DEOPT UNPACKING pc=0x000001d2670269a3 sp=0x0000005399bfba80 mode 2
Event: 21.246 Thread 0x000001d25c2b67b0 Uncommon trap: trap_request=0xffffff66 fr.pc=0x000001d267bd379c relative=0x00000000000001fc
Event: 21.246 Thread 0x000001d25c2b67b0 Uncommon trap: reason=speculate_class_check action=maybe_recompile pc=0x000001d267bd379c method=org.jetbrains.kotlin.ir.expressions.IrExpression.transform(Lorg/jetbrains/kotlin/ir/visitors/IrElementTransformer;Ljava/lang/Object;)Lorg/jetbrains/kotlin/ir/e
Event: 21.246 Thread 0x000001d25c2b67b0 DEOPT PACKING pc=0x000001d267bd379c sp=0x0000005399bfbef0
Event: 21.246 Thread 0x000001d25c2b67b0 DEOPT UNPACKING pc=0x000001d2670269a3 sp=0x0000005399bfbe20 mode 2
Event: 21.402 Thread 0x000001d25c2b67b0 Uncommon trap: trap_request=0xffffffde fr.pc=0x000001d267a52970 relative=0x0000000000001510
Event: 21.402 Thread 0x000001d25c2b67b0 Uncommon trap: reason=class_check action=maybe_recompile pc=0x000001d267a52970 method=org.jetbrains.kotlin.ir.util.IrFakeOverrideUtilsKt.collectAndFilterRealOverrides$collectRealOverrides(Ljava/util/Set;Lkotlin/jvm/functions/Function1;Lkotlin/jvm/function
Event: 21.402 Thread 0x000001d25c2b67b0 DEOPT PACKING pc=0x000001d267a52970 sp=0x0000005399bfc9d0
Event: 21.402 Thread 0x000001d25c2b67b0 DEOPT UNPACKING pc=0x000001d2670269a3 sp=0x0000005399bfc9e0 mode 2
Event: 21.470 Thread 0x000001d25c2b67b0 Uncommon trap: trap_request=0xffffffc6 fr.pc=0x000001d26790849c relative=0x0000000000000cdc
Event: 21.470 Thread 0x000001d25c2b67b0 Uncommon trap: reason=bimorphic_or_optimized_type_check action=maybe_recompile pc=0x000001d26790849c method=kotlin.collections.CollectionsKt___CollectionsKt.toSet(Ljava/lang/Iterable;)Ljava/util/Set; @ 99 c2
Event: 21.470 Thread 0x000001d25c2b67b0 DEOPT PACKING pc=0x000001d26790849c sp=0x0000005399bfe740
Event: 21.470 Thread 0x000001d25c2b67b0 DEOPT UNPACKING pc=0x000001d2670269a3 sp=0x0000005399bfe718 mode 2
Event: 21.483 Thread 0x000001d25c2b67b0 Uncommon trap: trap_request=0xffffff45 fr.pc=0x000001d2678f8774 relative=0x0000000000001814
Event: 21.483 Thread 0x000001d25c2b67b0 Uncommon trap: reason=unstable_if action=reinterpret pc=0x000001d2678f8774 method=java.lang.String.indexOf([BBILjava/lang/String;I)I @ 21 c2
Event: 21.483 Thread 0x000001d25c2b67b0 DEOPT PACKING pc=0x000001d2678f8774 sp=0x0000005399bfcec0
Event: 21.483 Thread 0x000001d25c2b67b0 DEOPT UNPACKING pc=0x000001d2670269a3 sp=0x0000005399bfccf8 mode 2

Classes loaded (20 events):
Event: 7.023 Loading class java/util/EnumMap$EnumMapIterator done
Event: 7.023 Loading class java/util/EnumMap$EntryIterator done
Event: 7.023 Loading class java/util/EnumMap$EntryIterator$Entry
Event: 7.023 Loading class java/util/EnumMap$EntryIterator$Entry done
Event: 7.794 Loading class java/util/AbstractList$RandomAccessSubList
Event: 7.794 Loading class java/util/AbstractList$RandomAccessSubList done
Event: 8.707 Loading class java/util/RegularEnumSet$EnumSetIterator
Event: 8.707 Loading class java/util/RegularEnumSet$EnumSetIterator done
Event: 9.295 Loading class java/lang/Byte$ByteCache
Event: 9.295 Loading class java/lang/Byte$ByteCache done
Event: 9.322 Loading class java/lang/Short$ShortCache
Event: 9.322 Loading class java/lang/Short$ShortCache done
Event: 12.288 Loading class java/text/MessageFormat
Event: 12.289 Loading class java/text/MessageFormat done
Event: 12.340 Loading class java/text/ChoiceFormat
Event: 12.341 Loading class java/text/ChoiceFormat done
Event: 20.670 Loading class java/util/concurrent/locks/AbstractQueuedSynchronizer$Node
Event: 20.670 Loading class java/util/concurrent/locks/AbstractQueuedSynchronizer$Node done
Event: 21.498 Loading class java/lang/TypeNotPresentException
Event: 21.499 Loading class java/lang/TypeNotPresentException done

Classes unloaded (0 events):
No events

Classes redefined (0 events):
No events

Internal exceptions (20 events):
Event: 14.979 Thread 0x000001d25c2b67b0 Implicit null exception at 0x000001d2675c7274 to 0x000001d2675c79f4
Event: 14.983 Thread 0x000001d25c2b67b0 Implicit null exception at 0x000001d2675a3874 to 0x000001d2675a3ff0
Event: 15.044 Thread 0x000001d25c2b67b0 Exception <a 'java/lang/NoSuchMethodError'{0x00000007108be900}: 'java.lang.Object java.lang.invoke.DirectMethodHandle$Holder.invokeStatic(java.lang.Object, java.lang.Object, int)'> (0x00000007108be900) 
thrown [s\src\hotspot\share\interpreter\linkResolver.cpp, line 771]
Event: 15.404 Thread 0x000001d25c2b67b0 Exception <a 'java/lang/NoSuchMethodError'{0x000000070e8a8e80}: 'java.lang.Object java.lang.invoke.DirectMethodHandle$Holder.newInvokeSpecial(java.lang.Object, java.lang.Object, java.lang.Object, java.lang.Object, java.lang.Object, java.lang.Object, java.lang.Object, java.lang.Object, int)'> (0x000000070e8a8e80) 
thrown [s\src\hotspot\share\interpreter\linkResolver.cpp, line 771]
Event: 15.404 Thread 0x000001d25c2b67b0 Exception <a 'java/lang/NoSuchMethodError'{0x000000070e8ae648}: 'java.lang.Object java.lang.invoke.DirectMethodHandle$Holder.invokeSpecial(java.lang.Object, java.lang.Object, java.lang.Object, java.lang.Object, java.lang.Object, java.lang.Object, java.lang.Object, java.lang.Object, java.lang.Object, int)'> (0x000000070e8ae648) 
thrown [s\src\hotspot\share\interpreter\linkResolver.cpp, line 771]
Event: 15.571 Thread 0x000001d25c2b67b0 Exception <a 'java/lang/NoSuchMethodError'{0x000000070e7a8940}: 'java.lang.Object java.lang.invoke.DirectMethodHandle$Holder.newInvokeSpecial(java.lang.Object, java.lang.Object, java.lang.Object, java.lang.Object, java.lang.Object, java.lang.Object, java.lang.Object, int)'> (0x000000070e7a8940) 
thrown [s\src\hotspot\share\interpreter\linkResolver.cpp, line 771]
Event: 15.572 Thread 0x000001d25c2b67b0 Exception <a 'java/lang/NoSuchMethodError'{0x000000070e7ada00}: 'java.lang.Object java.lang.invoke.DirectMethodHandle$Holder.invokeSpecial(java.lang.Object, java.lang.Object, java.lang.Object, java.lang.Object, java.lang.Object, java.lang.Object, java.lang.Object, java.lang.Object, int)'> (0x000000070e7ada00) 
thrown [s\src\hotspot\share\interpreter\linkResolver.cpp, line 771]
Event: 15.573 Thread 0x000001d25c2b67b0 Exception <a 'java/lang/NoSuchMethodError'{0x000000070e7b23c0}: 'java.lang.Object java.lang.invoke.Invokers$Holder.linkToTargetMethod(java.lang.Object, java.lang.Object, java.lang.Object, java.lang.Object, java.lang.Object, java.lang.Object, int, java.lang.Object)'> (0x000000070e7b23c0) 
thrown [s\src\hotspot\share\interpreter\linkResolver.cpp, line 771]
Event: 18.254 Thread 0x000001d25c2b67b0 Exception <a 'java/lang/NoSuchMethodError'{0x000000070c5b6d30}: 'java.lang.Object java.lang.invoke.DirectMethodHandle$Holder.newInvokeSpecial(java.lang.Object, int, java.lang.Object, int)'> (0x000000070c5b6d30) 
thrown [s\src\hotspot\share\interpreter\linkResolver.cpp, line 771]
Event: 18.255 Thread 0x000001d25c2b67b0 Exception <a 'java/lang/NoSuchMethodError'{0x000000070c5bacb0}: 'java.lang.Object java.lang.invoke.DirectMethodHandle$Holder.invokeSpecial(java.lang.Object, java.lang.Object, int, java.lang.Object, int)'> (0x000000070c5bacb0) 
thrown [s\src\hotspot\share\interpreter\linkResolver.cpp, line 771]
Event: 18.582 Thread 0x000001d25c2b67b0 Implicit null exception at 0x000001d267b57ca4 to 0x000001d267b612d8
Event: 18.595 Thread 0x000001d25c2b67b0 Implicit null exception at 0x000001d2679e3030 to 0x000001d2679e38bc
Event: 18.940 Thread 0x000001d25c2b67b0 Exception <a 'java/lang/NoSuchMethodError'{0x000000070fad3818}: 'java.lang.Object java.lang.invoke.DirectMethodHandle$Holder.invokeStatic(java.lang.Object, java.lang.Object, int, java.lang.Object)'> (0x000000070fad3818) 
thrown [s\src\hotspot\share\interpreter\linkResolver.cpp, line 771]
Event: 19.898 Thread 0x000001d25c2b67b0 Implicit null exception at 0x000001d267bf7b71 to 0x000001d267bf7bf4
Event: 19.898 Thread 0x000001d25c2b67b0 Implicit null exception at 0x000001d267bec5e0 to 0x000001d267bec651
Event: 19.939 Thread 0x000001d25c2b67b0 Exception <a 'java/lang/NoSuchMethodError'{0x000000070d7be768}: 'java.lang.Object java.lang.invoke.DirectMethodHandle$Holder.newInvokeSpecial(java.lang.Object, java.lang.Object, java.lang.Object, int, int, java.lang.Object)'> (0x000000070d7be768) 
thrown [s\src\hotspot\share\interpreter\linkResolver.cpp, line 771]
Event: 19.940 Thread 0x000001d25c2b67b0 Exception <a 'java/lang/NoSuchMethodError'{0x000000070d7c2c88}: 'java.lang.Object java.lang.invoke.DirectMethodHandle$Holder.invokeSpecial(java.lang.Object, java.lang.Object, java.lang.Object, java.lang.Object, int, int, java.lang.Object)'> (0x000000070d7c2c88) 
thrown [s\src\hotspot\share\interpreter\linkResolver.cpp, line 771]
Event: 19.983 Thread 0x000001d25c2b67b0 Exception <a 'java/lang/NoSuchMethodError'{0x000000070d50e0b0}: 'java.lang.Object java.lang.invoke.DirectMethodHandle$Holder.newInvokeSpecial(java.lang.Object, java.lang.Object, int, java.lang.Object)'> (0x000000070d50e0b0) 
thrown [s\src\hotspot\share\interpreter\linkResolver.cpp, line 771]
Event: 19.984 Thread 0x000001d25c2b67b0 Exception <a 'java/lang/NoSuchMethodError'{0x000000070d512388}: 'java.lang.Object java.lang.invoke.DirectMethodHandle$Holder.invokeSpecial(java.lang.Object, java.lang.Object, java.lang.Object, int, java.lang.Object)'> (0x000000070d512388) 
thrown [s\src\hotspot\share\interpreter\linkResolver.cpp, line 771]
Event: 19.984 Thread 0x000001d25c2b67b0 Exception <a 'java/lang/NoSuchMethodError'{0x000000070d515fc0}: 'java.lang.Object java.lang.invoke.Invokers$Holder.linkToTargetMethod(java.lang.Object, int, java.lang.Object, java.lang.Object)'> (0x000000070d515fc0) 
thrown [s\src\hotspot\share\interpreter\linkResolver.cpp, line 771]

VM Operations (20 events):
Event: 20.392 Executing VM operation: G1CollectForAllocation done
Event: 20.635 Executing VM operation: G1PauseRemark
Event: 20.649 Executing VM operation: G1PauseRemark done
Event: 20.724 Executing VM operation: G1PauseCleanup
Event: 20.724 Executing VM operation: G1PauseCleanup done
Event: 20.959 Executing VM operation: ICBufferFull
Event: 20.960 Executing VM operation: ICBufferFull done
Event: 21.254 Executing VM operation: ICBufferFull
Event: 21.254 Executing VM operation: ICBufferFull done
Event: 21.374 Executing VM operation: G1CollectForAllocation
Event: 21.388 Executing VM operation: G1CollectForAllocation done
Event: 21.437 Executing VM operation: HandshakeAllThreads
Event: 21.437 Executing VM operation: HandshakeAllThreads done
Event: 21.473 Executing VM operation: HandshakeAllThreads
Event: 21.473 Executing VM operation: HandshakeAllThreads done
Event: 21.489 Executing VM operation: HandshakeAllThreads
Event: 21.489 Executing VM operation: HandshakeAllThreads done
Event: 21.511 Executing VM operation: HandshakeAllThreads
Event: 21.511 Executing VM operation: HandshakeAllThreads done
Event: 21.557 Executing VM operation: G1CollectForAllocation

Memory protections (0 events):
No events

Nmethod flushes (20 events):
Event: 21.479 Thread 0x000001d24503bc60 flushing  nmethod 0x000001d261f8bf90
Event: 21.480 Thread 0x000001d24503bc60 flushing  nmethod 0x000001d261fca010
Event: 21.480 Thread 0x000001d24503bc60 flushing  nmethod 0x000001d261ff1690
Event: 21.480 Thread 0x000001d24503bc60 flushing  nmethod 0x000001d261ff7590
Event: 21.480 Thread 0x000001d24503bc60 flushing  nmethod 0x000001d26200ac10
Event: 21.480 Thread 0x000001d24503bc60 flushing  nmethod 0x000001d262011290
Event: 21.480 Thread 0x000001d24503bc60 flushing  nmethod 0x000001d262044010
Event: 21.480 Thread 0x000001d24503bc60 flushing  nmethod 0x000001d262053e10
Event: 21.480 Thread 0x000001d24503bc60 flushing  nmethod 0x000001d262054990
Event: 21.480 Thread 0x000001d24503bc60 flushing  nmethod 0x000001d262058d90
Event: 21.480 Thread 0x000001d24503bc60 flushing  nmethod 0x000001d262059890
Event: 21.480 Thread 0x000001d24503bc60 flushing  nmethod 0x000001d26205a490
Event: 21.480 Thread 0x000001d24503bc60 flushing  nmethod 0x000001d26206aa10
Event: 21.480 Thread 0x000001d24503bc60 flushing  nmethod 0x000001d262078810
Event: 21.480 Thread 0x000001d24503bc60 flushing  nmethod 0x000001d26207ad10
Event: 21.480 Thread 0x000001d24503bc60 flushing  nmethod 0x000001d262081b90
Event: 21.481 Thread 0x000001d24503bc60 flushing  nmethod 0x000001d262085510
Event: 21.481 Thread 0x000001d24503bc60 flushing  nmethod 0x000001d26209c990
Event: 21.481 Thread 0x000001d24503bc60 flushing  nmethod 0x000001d262137c90
Event: 21.481 Thread 0x000001d24503bc60 flushing  nmethod 0x000001d26217b090

Events (20 events):
Event: 0.070 Thread 0x000001d25c2b67b0 Thread added: 0x000001d245020410
Event: 0.070 Thread 0x000001d25c2b67b0 Thread added: 0x000001d245020dd0
Event: 0.071 Thread 0x000001d25c2b67b0 Thread added: 0x000001d245022ad0
Event: 0.071 Thread 0x000001d25c2b67b0 Thread added: 0x000001d245034230
Event: 0.071 Thread 0x000001d25c2b67b0 Thread added: 0x000001d24503bc60
Event: 0.112 Thread 0x000001d25c2b67b0 Thread added: 0x000001d245181790
Event: 0.116 Thread 0x000001d25c2b67b0 Thread added: 0x000001d245187f30
Event: 0.122 Loaded shared library C:\Users\saiva\.jdks\jbr-17.0.14\bin\net.dll
Event: 0.125 Loaded shared library C:\Users\saiva\.jdks\jbr-17.0.14\bin\nio.dll
Event: 0.164 Thread 0x000001d245022ad0 Thread added: 0x000001d2451e8480
Event: 0.170 Loaded shared library C:\Users\saiva\.jdks\jbr-17.0.14\bin\zip.dll
Event: 0.208 Loaded shared library C:\Users\saiva\.jdks\jbr-17.0.14\bin\jimage.dll
Event: 0.849 Thread 0x000001d2451e8480 Thread exited: 0x000001d2451e8480
Event: 1.842 Thread 0x000001d245034230 Thread added: 0x000001d245d6f540
Event: 1.847 Thread 0x000001d245034230 Thread added: 0x000001d245d65020
Event: 2.242 Thread 0x000001d245d65020 Thread exited: 0x000001d245d65020
Event: 2.371 Thread 0x000001d245d6f540 Thread exited: 0x000001d245d6f540
Event: 3.897 Thread 0x000001d245034230 Thread added: 0x000001d247653020
Event: 10.442 Thread 0x000001d245022ad0 Thread added: 0x000001d24623a9b0
Event: 15.253 Thread 0x000001d24623a9b0 Thread exited: 0x000001d24623a9b0


Dynamic libraries:
0x00007ff6e54d0000 - 0x00007ff6e54da000 	C:\Users\saiva\.jdks\jbr-17.0.14\bin\java.exe
0x00007ffaf0ce0000 - 0x00007ffaf0f47000 	C:\WINDOWS\SYSTEM32\ntdll.dll
0x00007ffaef820000 - 0x00007ffaef8e9000 	C:\WINDOWS\System32\KERNEL32.DLL
0x00007ffaed700000 - 0x00007ffaedaf4000 	C:\WINDOWS\System32\KERNELBASE.dll
0x00007ffaed5b0000 - 0x00007ffaed6fb000 	C:\WINDOWS\System32\ucrtbase.dll
0x00007ffaa5c20000 - 0x00007ffaa5c37000 	C:\Users\saiva\.jdks\jbr-17.0.14\bin\jli.dll
0x00007ffaa29a0000 - 0x00007ffaa29bb000 	C:\Users\saiva\.jdks\jbr-17.0.14\bin\VCRUNTIME140.dll
0x00007ffaf0ad0000 - 0x00007ffaf0c95000 	C:\WINDOWS\System32\USER32.dll
0x00007ffac8ca0000 - 0x00007ffac8f33000 	C:\WINDOWS\WinSxS\amd64_microsoft.windows.common-controls_6595b64144ccf1df_6.0.26100.8115_none_3e075c82e3354f9c\COMCTL32.dll
0x00007ffaefe30000 - 0x00007ffaefed9000 	C:\WINDOWS\System32\msvcrt.dll
0x00007ffaee550000 - 0x00007ffaee577000 	C:\WINDOWS\System32\win32u.dll
0x00007ffaeea70000 - 0x00007ffaeea9b000 	C:\WINDOWS\System32\GDI32.dll
0x00007ffaee420000 - 0x00007ffaee54b000 	C:\WINDOWS\System32\gdi32full.dll
0x00007ffaee370000 - 0x00007ffaee413000 	C:\WINDOWS\System32\msvcp_win.dll
0x00007ffaefd30000 - 0x00007ffaefd62000 	C:\WINDOWS\System32\IMM32.DLL
0x00007ffaaa1f0000 - 0x00007ffaaa1fc000 	C:\Users\saiva\.jdks\jbr-17.0.14\bin\vcruntime140_1.dll
0x00007ffa5f270000 - 0x00007ffa5f2fd000 	C:\Users\saiva\.jdks\jbr-17.0.14\bin\msvcp140.dll
0x00007ff9f37b0000 - 0x00007ff9f443e000 	C:\Users\saiva\.jdks\jbr-17.0.14\bin\server\jvm.dll
0x00007ffaef5c0000 - 0x00007ffaef676000 	C:\WINDOWS\System32\ADVAPI32.dll
0x00007ffaefc80000 - 0x00007ffaefd27000 	C:\WINDOWS\System32\sechost.dll
0x00007ffaefee0000 - 0x00007ffaefff8000 	C:\WINDOWS\System32\RPCRT4.dll
0x00007ffaef680000 - 0x00007ffaef700000 	C:\WINDOWS\System32\WS2_32.dll
0x00007ffaecd00000 - 0x00007ffaecd5e000 	C:\WINDOWS\SYSTEM32\POWRPROF.dll
0x00007ffae1bd0000 - 0x00007ffae1bdb000 	C:\WINDOWS\SYSTEM32\VERSION.dll
0x00007ffae52a0000 - 0x00007ffae52d6000 	C:\WINDOWS\SYSTEM32\WINMM.dll
0x00007ffaecce0000 - 0x00007ffaeccf4000 	C:\WINDOWS\SYSTEM32\UMPDC.dll
0x00007ffaec310000 - 0x00007ffaec32b000 	C:\WINDOWS\SYSTEM32\kernel.appcore.dll
0x00007ffaa9e60000 - 0x00007ffaa9e6a000 	C:\Users\saiva\.jdks\jbr-17.0.14\bin\jimage.dll
0x00007ffaeb430000 - 0x00007ffaeb672000 	C:\WINDOWS\SYSTEM32\DBGHELP.DLL
0x00007ffaef8f0000 - 0x00007ffaefc72000 	C:\WINDOWS\System32\combase.dll
0x00007ffaef740000 - 0x00007ffaef818000 	C:\WINDOWS\System32\OLEAUT32.dll
0x00007ffae5260000 - 0x00007ffae529b000 	C:\WINDOWS\SYSTEM32\dbgcore.DLL
0x00007ffaee870000 - 0x00007ffaee915000 	C:\WINDOWS\System32\bcryptPrimitives.dll
0x00007ffa95070000 - 0x00007ffa95095000 	C:\Users\saiva\.jdks\jbr-17.0.14\bin\java.dll
0x00007ffa5c890000 - 0x00007ffa5c967000 	C:\Users\saiva\.jdks\jbr-17.0.14\bin\jsvml.dll
0x00007ffaf02a0000 - 0x00007ffaf0a07000 	C:\WINDOWS\System32\SHELL32.dll
0x00007ffaee580000 - 0x00007ffaee6ea000 	C:\WINDOWS\System32\wintypes.dll
0x00007ffaedb00000 - 0x00007ffaee368000 	C:\WINDOWS\System32\windows.storage.dll
0x00007ffaef050000 - 0x00007ffaef148000 	C:\WINDOWS\System32\SHCORE.dll
0x00007ffaf0a10000 - 0x00007ffaf0a76000 	C:\WINDOWS\System32\shlwapi.dll
0x00007ffaed4d0000 - 0x00007ffaed4f9000 	C:\WINDOWS\SYSTEM32\profapi.dll
0x00007ffaa0850000 - 0x00007ffaa0869000 	C:\Users\saiva\.jdks\jbr-17.0.14\bin\net.dll
0x00007ffae3530000 - 0x00007ffae365d000 	C:\WINDOWS\SYSTEM32\WINHTTP.dll
0x00007ffaec890000 - 0x00007ffaec8fc000 	C:\WINDOWS\system32\mswsock.dll
0x00007ffa9ec70000 - 0x00007ffa9ec86000 	C:\Users\saiva\.jdks\jbr-17.0.14\bin\nio.dll
0x00007ffaa17f0000 - 0x00007ffaa1808000 	C:\Users\saiva\.jdks\jbr-17.0.14\bin\zip.dll
0x00007ffaa8e40000 - 0x00007ffaa8e50000 	C:\Users\saiva\.jdks\jbr-17.0.14\bin\verify.dll

dbghelp: loaded successfully - version: 4.0.5 - missing functions: none
symbol engine: initialized successfully - sym options: 0x614 - pdb path: .;C:\Users\saiva\.jdks\jbr-17.0.14\bin;C:\WINDOWS\SYSTEM32;C:\WINDOWS\WinSxS\amd64_microsoft.windows.common-controls_6595b64144ccf1df_6.0.26100.8115_none_3e075c82e3354f9c;C:\Users\saiva\.jdks\jbr-17.0.14\bin\server

VM Arguments:
java_command: org.jetbrains.kotlin.cli.jvm.K2JVMCompiler @C:\Users\saiva\OneDrive\Desktop\NutriVision\android\NutriVision\app\build\20260421_6407897980926890963.compiler.options
java_class_path (initial): C:\Users\saiva\.gradle\caches\modules-2\files-2.1\org.jetbrains.kotlin\kotlin-compiler-embeddable\2.1.0\988bf980588bbbcfa1ba19c1ffd7aa869b335a31\kotlin-compiler-embeddable-2.1.0.jar;C:\Users\saiva\.gradle\caches\modules-2\files-2.1\org.jetbrains.kotlin\kotlin-stdlib\2.1.0\85f8b81009cda5890e54ba67d64b5e599c645020\kotlin-stdlib-2.1.0.jar;C:\Users\saiva\.gradle\caches\modules-2\files-2.1\org.jetbrains.kotlin\kotlin-script-runtime\2.1.0\5909da8c57b75a117714ab0e348c86101b7a3284\kotlin-script-runtime-2.1.0.jar;C:\Users\saiva\.gradle\caches\modules-2\files-2.1\org.jetbrains.kotlin\kotlin-reflect\1.6.10\1cbe9c92c12a94eea200d23c2bbaedaf3daf5132\kotlin-reflect-1.6.10.jar;C:\Users\saiva\.gradle\caches\modules-2\files-2.1\org.jetbrains.kotlin\kotlin-daemon-embeddable\2.1.0\420bae1908e4a353f5b56c3c850d24d86367b25d\kotlin-daemon-embeddable-2.1.0.jar;C:\Users\saiva\.gradle\caches\modules-2\files-2.1\org.jetbrains.intellij.deps\trove4j\1.0.20200330\3afb14d5f9ceb459d724e907a21145e8ff394f02\trove4j-1.0.20200330.jar;C:\Users\saiva\.gradle\caches\modules-2\files-2.1\org.jetbrains.kotlinx\kotlinx-coroutines-core-jvm\1.6.4\2c997cd1c0ef33f3e751d3831929aeff1390cb30\kotlinx-coroutines-core-jvm-1.6.4.jar;C:\Users\saiva\.gradle\caches\modules-2\files-2.1\org.jetbrains\annotations\13.0\919f0dfe192fb4e063e7dacadee7f8bb9a2672a9\annotations-13.0.jar
Launcher Type: SUN_STANDARD

[Global flags]
     intx CICompilerCount                          = 4                                         {product} {ergonomic}
     uint ConcGCThreads                            = 3                                         {product} {ergonomic}
     uint G1ConcRefinementThreads                  = 10                                        {product} {ergonomic}
   size_t G1HeapRegionSize                         = 2097152                                   {product} {ergonomic}
    uintx GCDrainStackTargetSize                   = 64                                        {product} {ergonomic}
   size_t InitialHeapSize                          = 266338304                                 {product} {ergonomic}
   size_t MarkStackSize                            = 4194304                                   {product} {ergonomic}
   size_t MaxHeapSize                              = 4242538496                                {product} {ergonomic}
   size_t MaxNewSize                               = 2543845376                                {product} {ergonomic}
   size_t MinHeapDeltaBytes                        = 2097152                                   {product} {ergonomic}
   size_t MinHeapSize                              = 8388608                                   {product} {ergonomic}
    uintx NonNMethodCodeHeapSize                   = 5839372                                {pd product} {ergonomic}
    uintx NonProfiledCodeHeapSize                  = 122909434                              {pd product} {ergonomic}
    uintx ProfiledCodeHeapSize                     = 122909434                              {pd product} {ergonomic}
    uintx ReservedCodeCacheSize                    = 251658240                              {pd product} {ergonomic}
     bool SegmentedCodeCache                       = true                                      {product} {ergonomic}
   size_t SoftMaxHeapSize                          = 4242538496                             {manageable} {ergonomic}
     bool UseCompressedClassPointers               = true                           {product lp64_product} {ergonomic}
     bool UseCompressedOops                        = true                           {product lp64_product} {ergonomic}
     bool UseG1GC                                  = true                                      {product} {ergonomic}
     bool UseLargePagesIndividualAllocation        = false                                  {pd product} {ergonomic}

Logging:
Log output configuration:
 #0: stdout all=warning uptime,level,tags
 #1: stderr all=off uptime,level,tags

Environment Variables:
JAVA_HOME=C:\Program Files\Java\jdk-24
PATH=C:\Program Files\Java\jdk-24\bin;C:\Program Files\Common Files\Oracle\Java\javapath;C:\Windows\system32;C:\Windows;C:\Windows\System32\Wbem;C:\Windows\System32\WindowsPowerShell\v1.0\;C:\Windows\System32\OpenSSH\;C:\Program Files (x86)\NVIDIA Corporation\PhysX\Common;C:\Program Files\NVIDIA Corporation\NVIDIA NvDLISR;C:\WINDOWS\system32;C:\WINDOWS;C:\WINDOWS\System32\Wbem;C:\WINDOWS\System32\WindowsPowerShell\v1.0\;C:\WINDOWS\System32\OpenSSH\;C:\Program Files\dotnet\;C:\Redis;C:\Program Files\Git\cmd;C:\Program Files\nodejs\;C:\Program Files\MongoDB\Server\8.0\bin;C:\Program Files\MySQL\MySQL Server 8.0\bin;C:\Program Files\mysql-connector-j-9.4.0.jar;C:\Program Files\apache-maven-3.9.11\bin;C:\Program Files\Tailscale\;c:\Users\saiva\AppData\Local\Programs\Trae\bin;C:\Program Files\MySQL\MySQL Shell 8.0\bin\;C:\Users\saiva\AppData\Local\Programs\Python\Python311\Scripts\;C:\Users\saiva\AppData\Local\Programs\Python\Python311\;C:\Users\saiva\AppData\Local\Microsoft\WindowsApps;C:\Users\saiva\AppData\Local\Programs\Microsoft VS Code\bin;C:\MinGW\bin;C:\Users\saiva\AppData\Roaming\npm;C:\Program Files\mongosh\;C:\Users\saiva\AppData\Local\Programs\Qoder\bin;C:\Users\saiva\AppData\Local\Programs\Kiro\bin;C:\Users\saiva\AppData\Local\Programs\Antigravity\bin
USERNAME=saiva
OS=Windows_NT
PROCESSOR_IDENTIFIER=Intel64 Family 6 Model 165 Stepping 2, GenuineIntel
TMP=C:\Users\saiva\AppData\Local\Temp
TEMP=C:\Users\saiva\AppData\Local\Temp



Periodic native trim disabled

JNI global refs:
JNI global refs: 10, weak refs: 0

JNI global refs memory usage: 843, weak refs: 841

Process memory usage:
Resident Set Size: 481072K (2% of 16565952K total physical memory with 485980K free physical memory)

OOME stack traces (most recent first):
Classloader memory used:
Loader jdk.internal.loader.ClassLoaders$AppClassLoader                                 : 9020K
Loader bootstrap                                                                       : 434K
Loader jdk.internal.reflect.DelegatingClassLoader                                      : 2101B


---------------  S Y S T E M  ---------------

OS:
 Windows 11 , 64 bit Build 26100 (10.0.26100.8246)
OS uptime: 5 days 6:05 hours
Hyper-V role detected

CPU: total 12 (initial active 12) (6 cores per cpu, 2 threads per core) family 6 model 165 stepping 2 microcode 0xfc, cx8, cmov, fxsr, ht, mmx, 3dnowpref, sse, sse2, sse3, ssse3, sse4.1, sse4.2, popcnt, lzcnt, tsc, tscinvbit, avx, avx2, aes, erms, clmul, bmi1, bmi2, adx, fma, vzeroupper, clflush, clflushopt, hv
Processor Information for all 12 processors :
  Max Mhz: 2592, Current Mhz: 2592, Mhz Limit: 2592

Memory: 4k page, system-wide physical 16177M (478M free)
TotalPageFile size 36212M (AvailPageFile size 1M)
current process WorkingSet (physical memory assigned to process): 470M, peak: 470M
current process commit charge ("private bytes"): 531M, peak: 533M

vm_info: OpenJDK 64-Bit Server VM (17.0.14+1-b1367.22) for windows-amd64 JRE (17.0.14+1-b1367.22), built on 2025-01-30 by "builduser" with MS VC++ 16.10 / 16.11 (VS2019)

END.
